<?xml version="1.0" encoding="UTF-8"?>
<!-- Generated by org.testng.reporters.JUnitReportReporter -->
<testsuite hostname="DESKTOP-4B5SD2P" failures="0" tests="1" name="com.herokuapp.theinternet.loginpagetest.PositveLoginTest" time="6.882" errors="0" timestamp="2020-12-01T16:48:59 EST" skipped="0">
  <testcase classname="com.herokuapp.theinternet.loginpagetest.PositveLoginTest" name="logIn" time="6.882"/>
  <system-out/>
</testsuite> <!-- com.herokuapp.theinternet.loginpagetest.PositveLoginTest -->
