<?xml version="1.0" encoding="UTF-8"?>
<!-- Generated by org.testng.reporters.JUnitReportReporter -->
<testsuite hostname="DESKTOP-4B5SD2P" failures="0" tests="2" name="com.herokuapp.theinternet.loginpagetest.NegativeLoginTest" time="14.745" errors="0" timestamp="2020-11-26T16:41:06 EST" skipped="0">
  <testcase classname="com.herokuapp.theinternet.loginpagetest.NegativeLoginTest" name="Negativelogin" time="6.974"/>
  <system-out/>
  <testcase classname="com.herokuapp.theinternet.loginpagetest.NegativeLoginTest" name="Negativelogin" time="7.771"/>
  <system-out/>
</testsuite> <!-- com.herokuapp.theinternet.loginpagetest.NegativeLoginTest -->
