<?xml version="1.0" encoding="UTF-8"?>
<!-- Generated by org.testng.reporters.JUnitReportReporter -->
<testsuite hostname="DESKTOP-4B5SD2P" failures="0" tests="1" name="com.herokuapp.theinternet.loginpagetest.PositiveLogin" time="5.723" errors="0" timestamp="2020-11-28T15:15:42 EST" skipped="0">
  <testcase classname="com.herokuapp.theinternet.loginpagetest.PositiveLogin" name="login" time="5.723"/>
  <system-out/>
</testsuite> <!-- com.herokuapp.theinternet.loginpagetest.PositiveLogin -->
