<?xml version="1.0" encoding="UTF-8"?>
<!-- Generated by org.testng.reporters.JUnitReportReporter -->
<testsuite hostname="DESKTOP-4B5SD2P" failures="0" tests="1" name="Mylogin.Exception" time="12.513" errors="0" timestamp="2020-11-23T17:25:55 EST" skipped="0">
  <testcase classname="Mylogin.Exception" name="notVisibleTest" time="12.513"/>
  <system-out/>
</testsuite> <!-- Mylogin.Exception -->
