<?xml version="1.0" encoding="UTF-8"?>
<!-- Generated by org.testng.reporters.JUnitReportReporter -->
<testsuite hostname="DESKTOP-4B5SD2P" failures="0" tests="1" name="com.herokuapp.theinternet.loginpagetest.Positive" time="7.437" errors="0" timestamp="2020-11-29T15:18:33 EST" skipped="0">
  <testcase classname="com.herokuapp.theinternet.loginpagetest.Positive" name="login" time="7.437"/>
  <system-out/>
</testsuite> <!-- com.herokuapp.theinternet.loginpagetest.Positive -->
