<?xml version="1.0" encoding="UTF-8"?>
<!-- Generated by org.testng.reporters.JUnitReportReporter -->
<testsuite hostname="DESKTOP-4B5SD2P" failures="0" tests="1" name="com.herokupp.theinternet.PositiveTests" time="7.398" errors="0" timestamp="2020-11-18T11:48:44 EST" skipped="0">
  <testcase classname="com.herokupp.theinternet.PositiveTests" name="loginTest" time="7.398"/>
  <system-out/>
</testsuite> <!-- com.herokupp.theinternet.PositiveTests -->
