<?xml version="1.0" encoding="UTF-8"?>
<!-- Generated by org.testng.reporters.JUnitReportReporter -->
<testsuite hostname="DESKTOP-4B5SD2P" failures="0" tests="1" name="com.herokuapp.theinternet.loginpagetest.Positive25" time="4.391" errors="0" timestamp="2020-11-29T15:55:03 EST" skipped="0">
  <testcase classname="com.herokuapp.theinternet.loginpagetest.Positive25" name="login" time="4.391"/>
  <system-out/>
</testsuite> <!-- com.herokuapp.theinternet.loginpagetest.Positive25 -->
