<?xml version="1.0" encoding="UTF-8"?>
<!-- Generated by org.testng.reporters.JUnitReportReporter -->
<testsuite hostname="DESKTOP-4B5SD2P" failures="0" tests="1" name="Mylogin.sunny" time="8.251" errors="0" timestamp="2020-11-23T22:26:09 EST" skipped="0">
  <testcase classname="Mylogin.sunny" name="login" time="8.251"/>
  <system-out/>
</testsuite> <!-- Mylogin.sunny -->
