<?xml version="1.0" encoding="UTF-8"?>
<!-- Generated by org.testng.reporters.JUnitReportReporter -->
<testsuite hostname="DESKTOP-4B5SD2P" failures="0" tests="2" name="Mylogin.NegativeTests" time="10.299" errors="0" timestamp="2020-11-20T21:39:15 EST" skipped="0">
  <testcase classname="Mylogin.NegativeTests" name="negativeLoginTest" time="5.317"/>
  <system-out/>
  <testcase classname="Mylogin.NegativeTests" name="negativeLoginTest" time="4.982"/>
  <system-out/>
</testsuite> <!-- Mylogin.NegativeTests -->
