<?xml version="1.0" encoding="UTF-8"?>
<!-- Generated by org.testng.reporters.JUnitReportReporter -->
<testsuite hostname="DESKTOP-4B5SD2P" failures="0" tests="1" name="com.herokuapp.theinternet.loginpagetest.Positivetestforme" time="13.305" errors="0" timestamp="2020-11-27T12:23:46 EST" skipped="0">
  <testcase classname="com.herokuapp.theinternet.loginpagetest.Positivetestforme" name="logintest" time="13.305"/>
  <system-out/>
</testsuite> <!-- com.herokuapp.theinternet.loginpagetest.Positivetestforme -->
