<?xml version="1.0" encoding="UTF-8"?>
<!-- Generated by org.testng.reporters.JUnitReportReporter -->
<testsuite hostname="DESKTOP-4B5SD2P" failures="0" tests="1" name="Mylogin.LoginTests" time="7.742" errors="0" timestamp="2020-11-23T22:11:51 EST" skipped="0">
  <testcase classname="Mylogin.LoginTests" name="positiveloginTest" time="7.742"/>
  <system-out/>
</testsuite> <!-- Mylogin.LoginTests -->
