<?xml version="1.0" encoding="UTF-8"?>
<!-- Generated by org.testng.reporters.JUnitReportReporter -->
<testsuite hostname="DESKTOP-4B5SD2P" failures="0" tests="1" name="mylogin.NegativeTest" time="7.907" errors="0" timestamp="2020-11-19T18:07:45 EST" skipped="0">
  <testcase classname="mylogin.NegativeTest" name="inValidUserName" time="7.907"/>
  <system-out/>
</testsuite> <!-- mylogin.NegativeTest -->
