<?xml version="1.0" encoding="UTF-8"?>
<!-- Generated by org.testng.reporters.JUnitReportReporter -->
<testsuite hostname="DESKTOP-4B5SD2P" failures="0" tests="1" name="Mylogin.PositiveTests" time="8.437" errors="0" timestamp="2020-11-20T16:25:08 EST" skipped="0">
  <testcase classname="Mylogin.PositiveTests" name="loginTest" time="8.437"/>
  <system-out/>
</testsuite> <!-- Mylogin.PositiveTests -->
